<?xml version="1.0" encoding="UTF-8"?>
<!-- Generated by org.testng.reporters.JUnitReportReporter -->
<testsuite skipped="0" hostname="Harshini" name="com.training.annotation1.Test3" tests="3" failures="0" timestamp="2023-05-24T08:35:35 EDT" time="0.007" errors="0">
  <testcase name="login" time="0.004" classname="com.training.annotation1.Test3"/>
  <system-out/>
  <testcase name="login1" time="0.001" classname="com.training.annotation1.Test3"/>
  <system-out/>
  <testcase name="login3" time="0.002" classname="com.training.annotation1.Test3"/>
  <system-out/>
</testsuite> <!-- com.training.annotation1.Test3 -->
