<?xml version="1.0" encoding="UTF-8"?>
<!-- Generated by org.testng.reporters.JUnitReportReporter -->
<testsuite skipped="0" hostname="Harshini" name="com.training.annotation.Test1" tests="4" failures="0" timestamp="2023-05-24T08:35:35 EDT" time="0.015" errors="0">
  <testcase name="login4" time="0.009" classname="com.training.annotation.Test1"/>
  <system-out/>
  <testcase name="login2" time="0.003" classname="com.training.annotation.Test1"/>
  <system-out/>
  <testcase name="login0" time="0.002" classname="com.training.annotation.Test1"/>
  <system-out/>
  <testcase name="login1" time="0.001" classname="com.training.annotation.Test1"/>
  <system-out/>
</testsuite> <!-- com.training.annotation.Test1 -->
